This is pdfTeX, Version 3.14159265-2.6-1.40.21 (MiKTeX 20.7) (preloaded format=pdflatex 2020.8.16)  20 AUG 2020 22:50
entering extended mode
**./organiza_dados_tint.tex
(organiza_dados_tint.tex
LaTeX2e <2020-02-02> patch level 5
L3 programming layer <2020-08-07> ("C:\Program Files\MiKTeX\tex/latex/tufte-lat
ex\tufte-handout.cls"
Document Class: tufte-handout 2015/06/21 v3.5.2 Tufte-handout class
("C:\Program Files\MiKTeX\tex/latex/tufte-latex\tufte-common.def"
File: tufte-common.def 2015/06/21 v3.5.2 Common code for the Tufte-LaTeX styles

("C:\Program Files\MiKTeX\tex/latex/xkeyval\xkeyval.sty"
Package: xkeyval 2014/12/03 v2.7a package option processing (HA)
("C:\Program Files\MiKTeX\tex/generic/xkeyval\xkeyval.tex" ("C:\Program Files\M
iKTeX\tex/generic/xkeyval\xkvutils.tex"
\XKV@toks=\toks15
\XKV@tempa@toks=\toks16
("C:\Program Files\MiKTeX\tex/generic/xkeyval\keyval.tex"))
\XKV@depth=\count168
File: xkeyval.tex 2014/12/03 v2.7a key=value parser (HA)
)) ("C:\Program Files\MiKTeX\tex/latex/xifthen\xifthen.sty"
Package: xifthen 2015/11/05 v1.4.0 Extended ifthen features
("C:\Program Files\MiKTeX\tex/latex/tools\calc.sty"
Package: calc 2017/05/25 v4.3 Infix arithmetic (KKT,FJ)
\calc@Acount=\count169
\calc@Bcount=\count170
\calc@Adimen=\dimen134
\calc@Bdimen=\dimen135
\calc@Askip=\skip47
\calc@Bskip=\skip48
LaTeX Info: Redefining \setlength on input line 80.
LaTeX Info: Redefining \addtolength on input line 81.
\calc@Ccount=\count171
\calc@Cskip=\skip49
) ("C:\Program Files\MiKTeX\tex/latex/base\ifthen.sty"
Package: ifthen 2014/09/29 v1.1c Standard LaTeX ifthen package (DPC)
) ("C:\Program Files\MiKTeX\tex/latex/ifmtarg\ifmtarg.sty"
Package: ifmtarg 2018/04/16 v1.2b check for an empty argument
)) ("C:\Program Files\MiKTeX\tex/latex/hardwrap\hardwrap.sty"
Package: hardwrap 2011/02/12 v0.2 Hard wrap messages
("C:\Program Files\MiKTeX\tex/latex/ifplatform\ifplatform.sty"
Package: ifplatform 2017/10/13 v0.4a Testing for the operating system
("C:\Program Files\MiKTeX\tex/latex/tools\shellesc.sty"
Package: shellesc 2019/11/08 v1.0c unified shell escape interface for LaTeX
Package shellesc Info: Restricted shell escape enabled on input line 77.
) ("C:\Program Files\MiKTeX\tex/generic/pdftexcmds\pdftexcmds.sty"
Package: pdftexcmds 2020-06-27 v0.33 Utility functions of pdfTeX for LuaTeX (HO
)
("C:\Program Files\MiKTeX\tex/generic/infwarerr\infwarerr.sty"
Package: infwarerr 2019/12/03 v1.5 Providing info/warning/error messages (HO)
) ("C:\Program Files\MiKTeX\tex/generic/iftex\iftex.sty"
Package: iftex 2020/03/06 v1.0d TeX engine tests
) ("C:\Program Files\MiKTeX\tex/generic/ltxcmds\ltxcmds.sty"
Package: ltxcmds 2019/12/15 v1.24 LaTeX kernel commands for general use (HO)
)
Package pdftexcmds Info: \pdf@primitive is available.
Package pdftexcmds Info: \pdf@ifprimitive is available.
Package pdftexcmds Info: \pdfdraftmode found.
) ("C:\Program Files\MiKTeX\tex/generic/catchfile\catchfile.sty"
Package: catchfile 2019/12/09 v1.8 Catch the contents of a file (HO)
("C:\Program Files\MiKTeX\tex/generic/etexcmds\etexcmds.sty"
Package: etexcmds 2019/12/15 v1.7 Avoid name clashes with e-TeX commands (HO)
)) ("C:\Program Files\MiKTeX\tex/generic/iftex\ifluatex.sty"
Package: ifluatex 2019/10/25 v1.5 ifluatex legacy package. Use iftex instead.
)

Package ifplatform Warning: 
    shell escape is disabled, so I can only detect \ifwindows.

) ("C:\Program Files\MiKTeX\tex/generic/iftex\ifxetex.sty"
Package: ifxetex 2019/10/25 v0.7 ifxetex legacy package. Use iftex instead.
)
\hw@charcount=\count172
\hw@wordcount=\count173
\hw@maxprintline=\count174
)
Class tufte-handout Info: Loading the base class `article'
("C:\Program Files\MiKTeX\tex/latex/base\article.cls"
Document Class: article 2019/12/20 v1.4l Standard LaTeX document class
("C:\Program Files\MiKTeX\tex/latex/base\size10.clo"
File: size10.clo 2019/12/20 v1.4l Standard LaTeX file (size option)
)
\c@part=\count175
\c@section=\count176
\c@subsection=\count177
\c@subsubsection=\count178
\c@paragraph=\count179
\c@subparagraph=\count180
\c@figure=\count181
\c@table=\count182
\abovecaptionskip=\skip50
\belowcaptionskip=\skip51
\bibindent=\dimen136
) ("C:\Program Files\MiKTeX\tex/generic/iftex\ifpdf.sty"
Package: ifpdf 2019/10/25 v3.4 ifpdf legacy package. Use iftex instead.
) ("C:\Program Files\MiKTeX\tex/latex/titlesec\titlesec.sty"
Package: titlesec 2019/10/16 v2.13 Sectioning titles
\ttl@box=\box45
\beforetitleunit=\skip52
\aftertitleunit=\skip53
\ttl@plus=\dimen137
\ttl@minus=\dimen138
\ttl@toksa=\toks17
\titlewidth=\dimen139
\titlewidthlast=\dimen140
\titlewidthfirst=\dimen141
) ("C:\Program Files\MiKTeX\tex/latex/titlesec\titletoc.sty"
Package: titletoc 2019/10/16 v2.13 TOC entries
\ttl@leftsep=\dimen142
) ("C:\Program Files\MiKTeX\tex/latex/hyperref\hyperref.sty"
Package: hyperref 2020-05-15 v7.00e Hypertext links for LaTeX
("C:\Program Files\MiKTeX\tex/generic/kvsetkeys\kvsetkeys.sty"
Package: kvsetkeys 2019/12/15 v1.18 Key value parser (HO)
) ("C:\Program Files\MiKTeX\tex/generic/kvdefinekeys\kvdefinekeys.sty"
Package: kvdefinekeys 2019-12-19 v1.6 Define keys (HO)
) ("C:\Program Files\MiKTeX\tex/generic/pdfescape\pdfescape.sty"
Package: pdfescape 2019/12/09 v1.15 Implements pdfTeX's escape features (HO)
) ("C:\Program Files\MiKTeX\tex/latex/hycolor\hycolor.sty"
Package: hycolor 2020-01-27 v1.10 Color options for hyperref/bookmark (HO)
) ("C:\Program Files\MiKTeX\tex/latex/letltxmacro\letltxmacro.sty"
Package: letltxmacro 2019/12/03 v1.6 Let assignment for LaTeX macros (HO)
) ("C:\Program Files\MiKTeX\tex/latex/auxhook\auxhook.sty"
Package: auxhook 2019-12-17 v1.6 Hooks for auxiliary files (HO)
) ("C:\Program Files\MiKTeX\tex/latex/kvoptions\kvoptions.sty"
Package: kvoptions 2019/11/29 v3.13 Key value format for package options (HO)
)
\@linkdim=\dimen143
\Hy@linkcounter=\count183
\Hy@pagecounter=\count184
("C:\Program Files\MiKTeX\tex/latex/hyperref\pd1enc.def"
File: pd1enc.def 2020-05-15 v7.00e Hyperref: PDFDocEncoding definition (HO)
Now handling font encoding PD1 ...
... no UTF-8 mapping file for font encoding PD1
) ("C:\Program Files\MiKTeX\tex/generic/intcalc\intcalc.sty"
Package: intcalc 2019/12/15 v1.3 Expandable calculations with integers (HO)
)
\Hy@SavedSpaceFactor=\count185
Package hyperref Info: Option `unicode' set `true' on input line 4338.
("C:\Program Files\MiKTeX\tex/latex/hyperref\puenc.def"
File: puenc.def 2020-05-15 v7.00e Hyperref: PDF Unicode definition (HO)
Now handling font encoding PU ...
... no UTF-8 mapping file for font encoding PU
)
Package hyperref Info: Option `hyperfootnotes' set `false' on input line 4338.
Package hyperref Info: Hyper figures OFF on input line 4464.
Package hyperref Info: Link nesting OFF on input line 4469.
Package hyperref Info: Hyper index ON on input line 4472.
Package hyperref Info: Plain pages OFF on input line 4479.
Package hyperref Info: Backreferencing OFF on input line 4484.
Package hyperref Info: Implicit mode ON; LaTeX internals redefined.
Package hyperref Info: Bookmarks ON on input line 4717.
\c@Hy@tempcnt=\count186
("C:\Program Files\MiKTeX\tex/latex/url\url.sty"
\Urlmuskip=\muskip16
Package: url 2013/09/16  ver 3.4  Verb mode for urls, etc.
)
LaTeX Info: Redefining \url on input line 5076.
\XeTeXLinkMargin=\dimen144
("C:\Program Files\MiKTeX\tex/generic/bitset\bitset.sty"
Package: bitset 2019/12/09 v1.3 Handle bit-vector datatype (HO)
("C:\Program Files\MiKTeX\tex/generic/bigintcalc\bigintcalc.sty"
Package: bigintcalc 2019/12/15 v1.5 Expandable calculations on big integers (HO
)
))
\Fld@menulength=\count187
\Field@Width=\dimen145
\Fld@charsize=\dimen146
Package hyperref Info: Hyper figures OFF on input line 6347.
Package hyperref Info: Link nesting OFF on input line 6352.
Package hyperref Info: Hyper index ON on input line 6355.
Package hyperref Info: backreferencing OFF on input line 6362.
Package hyperref Info: Link coloring OFF on input line 6367.
Package hyperref Info: Link coloring with OCG OFF on input line 6372.
Package hyperref Info: PDF/A mode OFF on input line 6377.
LaTeX Info: Redefining \ref on input line 6417.
LaTeX Info: Redefining \pageref on input line 6421.
("C:\Program Files\MiKTeX\tex/generic/atbegshi\atbegshi.sty"
Package: atbegshi 2019/12/05 v1.19 At begin shipout hook (HO)
)
\Hy@abspage=\count188
\c@Item=\count189
)
Package hyperref Info: Driver (autodetected): hpdftex.
("C:\Program Files\MiKTeX\tex/latex/hyperref\hpdftex.def"
File: hpdftex.def 2020-05-15 v7.00e Hyperref driver for pdfTeX
("C:\Program Files\MiKTeX\tex/latex/atveryend\atveryend.sty"
Package: atveryend 2019-12-11 v1.11 Hooks at the very end of document (HO)
Package atveryend Info: \enddocument detected (standard20110627).
)
\Fld@listcount=\count190
\c@bookmark@seq@number=\count191
("C:\Program Files\MiKTeX\tex/latex/rerunfilecheck\rerunfilecheck.sty"
Package: rerunfilecheck 2019/12/05 v1.9 Rerun checks for auxiliary files (HO)
("C:\Program Files\MiKTeX\tex/generic/uniquecounter\uniquecounter.sty"
Package: uniquecounter 2019/12/15 v1.4 Provide unlimited unique counter (HO)
)
Package uniquecounter Info: New unique counter `rerunfilecheck' on input line 2
86.
)
\Hy@SectionHShift=\skip54
) ("C:\Program Files\MiKTeX\tex/latex/ragged2e\ragged2e.sty"
Package: ragged2e 2019/07/28 v2.2 ragged2e Package (MS)
("C:\Program Files\MiKTeX\tex/latex/ms\everysel.sty"
Package: everysel 2011/10/28 v1.2 EverySelectfont Package (MS)
)
\CenteringLeftskip=\skip55
\RaggedLeftLeftskip=\skip56
\RaggedRightLeftskip=\skip57
\CenteringRightskip=\skip58
\RaggedLeftRightskip=\skip59
\RaggedRightRightskip=\skip60
\CenteringParfillskip=\skip61
\RaggedLeftParfillskip=\skip62
\RaggedRightParfillskip=\skip63
\JustifyingParfillskip=\skip64
\CenteringParindent=\skip65
\RaggedLeftParindent=\skip66
\RaggedRightParindent=\skip67
\JustifyingParindent=\skip68
) ("C:\Program Files\MiKTeX\tex/latex/geometry\geometry.sty"
Package: geometry 2020/01/02 v5.9 Page Geometry
("C:\Program Files\MiKTeX\tex/generic/iftex\ifvtex.sty"
Package: ifvtex 2019/10/25 v1.7 ifvtex legacy package. Use iftex instead.
)
\Gm@cnth=\count192
\Gm@cntv=\count193
\c@Gm@tempcnt=\count194
\Gm@bindingoffset=\dimen147
\Gm@wd@mp=\dimen148
\Gm@odd@mp=\dimen149
\Gm@even@mp=\dimen150
\Gm@layoutwidth=\dimen151
\Gm@layoutheight=\dimen152
\Gm@layouthoffset=\dimen153
\Gm@layoutvoffset=\dimen154
\Gm@dimlist=\toks18
("C:\Program Files\MiKTeX\tex/latex/geometry\geometry.cfg")) ("C:\Program Files
\MiKTeX\tex/latex/changepage\changepage.sty"
Package: changepage 2009/10/20 v1.0c check page and change page layout
\c@cp@cntr=\count195
\cp@tempcnt=\count196
)
\@tufte@overhang=\skip69
\@tufte@fullwidth=\skip70
\@tufte@caption@fill=\skip71
("C:\Program Files\MiKTeX\tex/latex/paralist\paralist.sty"
Package: paralist 2017/01/22 v2.7 Extended list environments
\pltopsep=\skip72
\plpartopsep=\skip73
\plitemsep=\skip74
\plparsep=\skip75
\pl@lab=\toks19
) ("C:\Program Files\MiKTeX\tex/latex/textcase\textcase.sty"
Package: textcase 2019/09/14 v1.00 Text only upper/lower case changing (DPC)
) ("C:\Program Files\MiKTeX\tex/latex/microtype\letterspace.sty"
Package: letterspace 2019/11/18 v2.7d Robust letterspacing (RS)
LaTeX Info: Redefining \lsstyle on input line 345.
LaTeX Info: Redefining \lslig on input line 346.
LaTeX Info: Redefining \textls on input line 371.
\MT@outer@kern=\dimen155
) ("C:\Program Files\MiKTeX\tex/latex/setspace\setspace.sty"
Package: setspace 2011/12/19 v6.7a set line spacing
) ("C:\Program Files\MiKTeX\tex/latex/xcolor\xcolor.sty"
Package: xcolor 2016/05/11 v2.12 LaTeX color extensions (UK)
("C:\Program Files\MiKTeX\tex/latex/graphics-cfg\color.cfg"
File: color.cfg 2016/01/02 v1.6 sample color configuration
)
Package xcolor Info: Package option `usenames' ignored on input line 216.
Package xcolor Info: Driver file: pdftex.def on input line 225.
("C:\Program Files\MiKTeX\tex/latex/graphics-def\pdftex.def"
File: pdftex.def 2018/01/08 v1.0l Graphics/color driver for pdftex
)
Package xcolor Info: Model `cmy' substituted by `cmy0' on input line 1348.
Package xcolor Info: Model `hsb' substituted by `rgb' on input line 1352.
Package xcolor Info: Model `RGB' extended on input line 1364.
Package xcolor Info: Model `HTML' substituted by `rgb' on input line 1366.
Package xcolor Info: Model `Hsb' substituted by `hsb' on input line 1367.
Package xcolor Info: Model `tHsb' substituted by `hsb' on input line 1368.
Package xcolor Info: Model `HSB' substituted by `hsb' on input line 1369.
Package xcolor Info: Model `Gray' substituted by `gray' on input line 1370.
Package xcolor Info: Model `wave' substituted by `hsb' on input line 1371.
("C:\Program Files\MiKTeX\tex/latex/graphics\dvipsnam.def"
File: dvipsnam.def 2016/06/17 v3.0m Driver-dependent file (DPC,SPQR)
) ("C:\Program Files\MiKTeX\tex/latex/xcolor\svgnam.def"
File: svgnam.def 2016/05/11 v2.12 Predefined colors according to SVG 1.1 (UK)
)) ("C:\Program Files\MiKTeX\tex/latex/natbib\natbib.sty"
Package: natbib 2010/09/13 8.31b (PWD, AO)
\bibhang=\skip76
\bibsep=\skip77
LaTeX Info: Redefining \cite on input line 694.
\c@NAT@ctr=\count197
) ("C:\Program Files\MiKTeX\tex/latex/natbib\bibentry.sty"
Package: bibentry 2007/10/30 1.5 (PWD)
)
No file organiza_dados_tint.bbl.
\c@@tufte@num@bibkeys=\count198
("C:\Program Files\MiKTeX\tex/latex/sauerj\optparams.sty"
Package: optparams 2004/08/14 v0.9 multiple optional parameters in macros
)
\@tufte@sidenote@vertical@offset=\skip78
("C:\Program Files\MiKTeX\tex/latex/placeins\placeins.sty"
Package: placeins 2005/04/18  v 2.2
)
\@tufte@margin@floatbox=\box46
\@tufte@figure@box=\box47
\@tufte@caption@box=\box48
\@tufte@caption@vertical@offset=\skip79
\@tufte@float@contents@width=\skip80
("C:\Program Files\MiKTeX\tex/latex/fancyhdr\fancyhdr.sty"
Package: fancyhdr 2019/01/31 v3.10 Extensive control of page headers and footer
s
\f@nch@headwidth=\skip81
\f@nch@O@elh=\skip82
\f@nch@O@erh=\skip83
\f@nch@O@olh=\skip84
\f@nch@O@orh=\skip85
\f@nch@O@elf=\skip86
\f@nch@O@erf=\skip87
\f@nch@O@olf=\skip88
\f@nch@O@orf=\skip89
)
\tufteskipamount=\skip90
("C:\Program Files\MiKTeX\tex/latex/tools\multicol.sty"
Package: multicol 2019/12/09 v1.8y multicolumn formatting (FMi)
\c@tracingmulticols=\count199
\mult@box=\box49
\multicol@leftmargin=\dimen156
\c@unbalance=\count266
\c@collectmore=\count267
\doublecol@number=\count268
\multicoltolerance=\count269
\multicolpretolerance=\count270
\full@width=\dimen157
\page@free=\dimen158
\premulticols=\dimen159
\postmulticols=\dimen160
\multicolsep=\skip91
\multicolbaselineskip=\skip92
\partial@page=\box50
\last@line=\box51
\maxbalancingoverflow=\dimen161
\mult@rightbox=\box52
\mult@grightbox=\box53
\mult@gfirstbox=\box54
\mult@firstbox=\box55
\@tempa=\box56
\@tempa=\box57
\@tempa=\box58
\@tempa=\box59
\@tempa=\box60
\@tempa=\box61
\@tempa=\box62
\@tempa=\box63
\@tempa=\box64
\@tempa=\box65
\@tempa=\box66
\@tempa=\box67
\@tempa=\box68
\@tempa=\box69
\@tempa=\box70
\@tempa=\box71
\@tempa=\box72
\@tempa=\box73
\@tempa=\box74
\@tempa=\box75
\@tempa=\box76
\@tempa=\box77
\@tempa=\box78
\@tempa=\box79
\@tempa=\box80
\@tempa=\box81
\@tempa=\box82
\@tempa=\box83
\@tempa=\box84
\@tempa=\box85
\@tempa=\box86
\@tempa=\box87
\@tempa=\box88
\@tempa=\box89
\@tempa=\box90
\@tempa=\box91
\@tempa=\box92
\c@minrows=\count271
\c@columnbadness=\count272
\c@finalcolumnbadness=\count273
\last@try=\dimen162
\multicolovershoot=\dimen163
\multicolundershoot=\dimen164
\mult@nat@firstbox=\box93
\colbreak@box=\box94
\mc@col@check@num=\count274
))) ("C:\Program Files\MiKTeX\tex/latex/amsfonts\amssymb.sty"
Package: amssymb 2013/01/14 v3.01 AMS font symbols
("C:\Program Files\MiKTeX\tex/latex/amsfonts\amsfonts.sty"
Package: amsfonts 2013/01/14 v3.01 Basic AMSFonts support
\@emptytoks=\toks20
\symAMSa=\mathgroup4
\symAMSb=\mathgroup5
LaTeX Font Info:    Redeclaring math symbol \hbar on input line 98.
LaTeX Font Info:    Overwriting math alphabet `\mathfrak' in version `bold'
(Font)                  U/euf/m/n --> U/euf/b/n on input line 106.
)) ("C:\Program Files\MiKTeX\tex/latex/amsmath\amsmath.sty"
Package: amsmath 2020/01/20 v2.17e AMS math features
\@mathmargin=\skip93
For additional information on amsmath, use the `?' option.
("C:\Program Files\MiKTeX\tex/latex/amsmath\amstext.sty"
Package: amstext 2000/06/29 v2.01 AMS text
("C:\Program Files\MiKTeX\tex/latex/amsmath\amsgen.sty"
File: amsgen.sty 1999/11/30 v2.0 generic functions
\@emptytoks=\toks21
\ex@=\dimen165
)) ("C:\Program Files\MiKTeX\tex/latex/amsmath\amsbsy.sty"
Package: amsbsy 1999/11/29 v1.2d Bold Symbols
\pmbraise@=\dimen166
) ("C:\Program Files\MiKTeX\tex/latex/amsmath\amsopn.sty"
Package: amsopn 2016/03/08 v2.02 operator names
)
\inf@bad=\count275
LaTeX Info: Redefining \frac on input line 227.
\uproot@=\count276
\leftroot@=\count277
LaTeX Info: Redefining \overline on input line 389.
\classnum@=\count278
\DOTSCASE@=\count279
LaTeX Info: Redefining \ldots on input line 486.
LaTeX Info: Redefining \dots on input line 489.
LaTeX Info: Redefining \cdots on input line 610.
\Mathstrutbox@=\box95
\strutbox@=\box96
\big@size=\dimen167
LaTeX Font Info:    Redeclaring font encoding OML on input line 733.
LaTeX Font Info:    Redeclaring font encoding OMS on input line 734.
\macc@depth=\count280
\c@MaxMatrixCols=\count281
\dotsspace@=\muskip17
\c@parentequation=\count282
\dspbrk@lvl=\count283
\tag@help=\toks22
\row@=\count284
\column@=\count285
\maxfields@=\count286
\andhelp@=\toks23
\eqnshift@=\dimen168
\alignsep@=\dimen169
\tagshift@=\dimen170
\tagwidth@=\dimen171
\totwidth@=\dimen172
\lineht@=\dimen173
\@envbody=\toks24
\multlinegap=\skip94
\multlinetaggap=\skip95
\mathdisplay@stack=\toks25
LaTeX Info: Redefining \[ on input line 2859.
LaTeX Info: Redefining \] on input line 2860.
) ("C:\Program Files\MiKTeX\tex/latex/base\fixltx2e.sty"
Package: fixltx2e 2016/12/29 v2.1a fixes to LaTeX (obsolete)
Applying: [2015/01/01] Old fixltx2e package on input line 46.

Package fixltx2e Warning: fixltx2e is not required with releases after 2015
(fixltx2e)                All fixes are now in the LaTeX kernel.
(fixltx2e)                See the latexrelease package for details.

Already applied: [0000/00/00] Old fixltx2e package on input line 53.
) ("C:\Program Files\MiKTeX\tex/latex/base\fontenc.sty"
Package: fontenc 2020/02/11 v2.0o Standard LaTeX package
) ("C:\Program Files\MiKTeX\tex/latex/base\inputenc.sty"
Package: inputenc 2018/08/11 v1.3c Input encoding file
\inpenc@prehook=\toks26
\inpenc@posthook=\toks27
) ("C:\Program Files\MiKTeX\tex/latex/graphics\graphicx.sty"
Package: graphicx 2019/11/30 v1.2a Enhanced LaTeX Graphics (DPC,SPQR)
("C:\Program Files\MiKTeX\tex/latex/graphics\graphics.sty"
Package: graphics 2019/11/30 v1.4a Standard LaTeX Graphics (DPC,SPQR)
("C:\Program Files\MiKTeX\tex/latex/graphics\trig.sty"
Package: trig 2016/01/03 v1.10 sin cos tan (DPC)
) ("C:\Program Files\MiKTeX\tex/latex/graphics-cfg\graphics.cfg"
File: graphics.cfg 2016/06/04 v1.11 sample graphics configuration
)
Package graphics Info: Driver file: pdftex.def on input line 105.
)
\Gin@req@height=\dimen174
\Gin@req@width=\dimen175
) ("C:\Program Files\MiKTeX\tex/latex/booktabs\booktabs.sty"
Package: booktabs 2020/01/12 v1.61803398 Publication quality tables
\heavyrulewidth=\dimen176
\lightrulewidth=\dimen177
\cmidrulewidth=\dimen178
\belowrulesep=\dimen179
\belowbottomsep=\dimen180
\aboverulesep=\dimen181
\abovetopsep=\dimen182
\cmidrulesep=\dimen183
\cmidrulekern=\dimen184
\defaultaddspace=\dimen185
\@cmidla=\count287
\@cmidlb=\count288
\@aboverulesep=\dimen186
\@belowrulesep=\dimen187
\@thisruleclass=\count289
\@lastruleclass=\count290
\@thisrulewidth=\dimen188
) ("C:\Program Files\MiKTeX\tex/latex/units\units.sty"
Package: units 1998/08/04 v0.9b Typesetting units
("C:\Program Files\MiKTeX\tex/latex/units\nicefrac.sty"
Package: nicefrac 1998/08/04 v0.9b Nice fractions
\L@UnitsRaiseDisplaystyle=\skip96
\L@UnitsRaiseTextstyle=\skip97
\L@UnitsRaiseScriptstyle=\skip98
)) ("C:\Program Files\MiKTeX\tex/latex/fancyvrb\fancyvrb.sty"
Package: fancyvrb 2020/05/03 v3.6 verbatim text (tvz,hv)
\FV@CodeLineNo=\count291
\FV@InFile=\read2
\FV@TabBox=\box97
\c@FancyVerbLine=\count292
\FV@StepNumber=\count293
\FV@OutFile=\write3
) ("C:\Program Files\MiKTeX\tex/latex/framed\framed.sty"
Package: framed 2011/10/22 v 0.96: framed or shaded text with page breaks
\OuterFrameSep=\skip99
\fb@frw=\dimen189
\fb@frh=\dimen190
\FrameRule=\dimen191
\FrameSep=\dimen192
) ("C:\Program Files\MiKTeX\tex/latex/ulem\ulem.sty"
\UL@box=\box98
\UL@hyphenbox=\box99
\UL@skip=\skip100
\UL@hook=\toks28
\UL@height=\dimen193
\UL@pe=\count294
\UL@pixel=\dimen194
\ULC@box=\box100
Package: ulem 2019/11/18
\ULdepth=\dimen195
) ("C:\Program Files\MiKTeX\tex/latex/morefloats\morefloats.sty"
Package: morefloats 2015/07/22 v1.0h Raise limit of unprocessed floats (HMM)
Package morefloats Info: Maximum number of possible floats asked for: 36
(morefloats)             (i.e. 18 more floats).
(morefloats)             LaTeX might run out of memory before this
(morefloats)             (in which case it will notify you).
) ("C:\Program Files\MiKTeX\tex/latex/roboto\roboto.sty"
Package: roboto 2019/12/11 (Bob Tennent) Supports Roboto fonts for all LaTeX en
gines.
("C:\Program Files\MiKTeX\tex/latex/base\textcomp.sty"
Package: textcomp 2020/02/02 v2.0n Standard LaTeX package
) ("C:\Program Files\MiKTeX\tex/latex/base\fontenc.sty"
Package: fontenc 2020/02/11 v2.0o Standard LaTeX package

LaTeX Font Warning: Font shape `T1/cmr/c/n' undefined
(Font)              using `T1/cmr/m/n' instead on input line 112.

) ("C:\Program Files\MiKTeX\tex/latex/fontaxes\fontaxes.sty"
Package: fontaxes 2020/07/21 v1.0e Font selection axes
LaTeX Info: Redefining \upshape on input line 29.
LaTeX Info: Redefining \itshape on input line 31.
LaTeX Info: Redefining \slshape on input line 33.
LaTeX Info: Redefining \swshape on input line 35.
LaTeX Info: Redefining \scshape on input line 37.
LaTeX Info: Redefining \sscshape on input line 39.
LaTeX Info: Redefining \ulcshape on input line 41.
LaTeX Info: Redefining \textsw on input line 47.
LaTeX Info: Redefining \textssc on input line 48.
LaTeX Info: Redefining \textulc on input line 49.
)
LaTeX Info: Redefining \robotoTOsF on input line 396.
)
Package hyperref Info: Option `colorlinks' set `true' on input line 127.
("C:\Program Files\MiKTeX\tex/latex/l3backend\l3backend-pdfmode.def"
File: l3backend-pdfmode.def 2020-08-07 L3 backend support: PDF mode
\l__kernel_color_stack_int=\count295
\l__pdf_internal_box=\box101
)
No file organiza_dados_tint.aux.
\openout1 = `organiza_dados_tint.aux'.

LaTeX Font Info:    Checking defaults for OML/cmm/m/it on input line 249.
LaTeX Font Info:    ... okay on input line 249.
LaTeX Font Info:    Checking defaults for OMS/cmsy/m/n on input line 249.
LaTeX Font Info:    ... okay on input line 249.
LaTeX Font Info:    Checking defaults for OT1/cmr/m/n on input line 249.
LaTeX Font Info:    ... okay on input line 249.
LaTeX Font Info:    Checking defaults for T1/cmr/m/n on input line 249.
LaTeX Font Info:    ... okay on input line 249.
LaTeX Font Info:    Checking defaults for TS1/cmr/m/n on input line 249.
LaTeX Font Info:    ... okay on input line 249.
LaTeX Font Info:    Checking defaults for OMX/cmex/m/n on input line 249.
LaTeX Font Info:    ... okay on input line 249.
LaTeX Font Info:    Checking defaults for U/cmr/m/n on input line 249.
LaTeX Font Info:    ... okay on input line 249.
LaTeX Font Info:    Checking defaults for PD1/pdf/m/n on input line 249.
LaTeX Font Info:    ... okay on input line 249.
LaTeX Font Info:    Checking defaults for PU/pdf/m/n on input line 249.
LaTeX Font Info:    ... okay on input line 249.
LaTeX Font Info:    Trying to load font information for T1+Roboto-LF on input l
ine 249.
("C:\Program Files\MiKTeX\tex/latex/roboto\t1roboto-lf.fd"
File: T1Roboto-LF.fd 2019/12/11 (autoinst) Font definitions for T1/Roboto-LF.
)
LaTeX Font Info:    Font shape `T1/Roboto-LF/c/n' aliased to
(Font)              `T1/Roboto-LF/condensed/n' on input line 249.
LaTeX Font Info:    Font shape `T1/Roboto-LF/condensed/n' will be
(Font)              scaled to size 10.0pt on input line 249.
\AtBeginShipoutBox=\box102
Package hyperref Info: Link coloring ON on input line 249.
("C:\Program Files\MiKTeX\tex/latex/hyperref\nameref.sty"
Package: nameref 2019/09/16 v2.46 Cross-referencing by name of section
("C:\Program Files\MiKTeX\tex/latex/refcount\refcount.sty"
Package: refcount 2019/12/15 v3.6 Data extraction from label references (HO)
) ("C:\Program Files\MiKTeX\tex/generic/gettitlestring\gettitlestring.sty"
Package: gettitlestring 2019/12/15 v1.6 Cleanup title references (HO)
)
\c@section@level=\count296
)
LaTeX Info: Redefining \ref on input line 249.
LaTeX Info: Redefining \pageref on input line 249.
LaTeX Info: Redefining \nameref on input line 249.
\@outlinefile=\write4
\openout4 = `organiza_dados_tint.out'.

ABD: EverySelectfont initializing macros
LaTeX Info: Redefining \selectfont on input line 249.
*geometry* driver: auto-detecting
*geometry* detected driver: pdftex
*geometry* verbose mode - [ preamble ] result:
* driver: pdftex
* paper: letterpaper
* layout: <same size as paper>
* layoutoffset:(h,v)=(0.0pt,0.0pt)
* modes: twoside asymmetric 
* h-part:(L,W,R)=(72.26999pt, 312.0pt, 230.02501pt)
* v-part:(T,H,B)=(72.26999pt, 616.0pt, 106.7pt)
* \paperwidth=614.295pt
* \paperheight=794.96999pt
* \textwidth=312.0pt
* \textheight=616.0pt
* \oddsidemargin=0.0pt
* \evensidemargin=0.0pt
* \topmargin=-42.0pt
* \headheight=14.0pt
* \headsep=28.0pt
* \topskip=10.0pt
* \footskip=30.0pt
* \marginparwidth=144.0pt
* \marginparsep=24.0pt
* \columnsep=10.0pt
* \skip\footins=9.0pt plus 4.0pt minus 2.0pt
* \hoffset=0.0pt
* \voffset=0.0pt
* \mag=1000
* \@twocolumnfalse
* \@twosidetrue
* \@mparswitchfalse
* \@reversemarginfalse
* (1in=72.27pt=25.4mm, 1cm=28.453pt)

("C:\Program Files\MiKTeX\tex/context/base/mkii\supp-pdf.mkii"
[Loading MPS to PDF converter (version 2006.09.02).]
\scratchcounter=\count297
\scratchdimen=\dimen196
\scratchbox=\box103
\nofMPsegments=\count298
\nofMParguments=\count299
\everyMPshowfont=\toks29
\MPscratchCnt=\count300
\MPscratchDim=\dimen197
\MPnumerator=\count301
\makeMPintoPDFobject=\count302
\everyMPtoPDFconversion=\toks30
) ("C:\Program Files\MiKTeX\tex/latex/epstopdf-pkg\epstopdf-base.sty"
Package: epstopdf-base 2020-01-24 v2.11 Base part for package epstopdf
Package epstopdf-base Info: Redefining graphics rule for `.eps' on input line 4
85.
)
\langwohyphens=\language79
\c@mv@tabular=\count303
\c@mv@boldtabular=\count304
LaTeX Font Info:    Font shape `T1/Roboto-LF/bc/n' aliased to
(Font)              `T1/Roboto-LF/boldcondensed/n' on input line 251.
LaTeX Font Info:    Font shape `T1/Roboto-LF/boldcondensed/n' will be
(Font)              scaled to size 10.0pt on input line 251.
LaTeX Font Info:    Font shape `T1/Roboto-LF/bc/n' aliased to
(Font)              `T1/Roboto-LF/boldcondensed/n' on input line 251.
LaTeX Font Info:    Font shape `T1/Roboto-LF/boldcondensed/n' will be
(Font)              scaled to size 14.4pt on input line 251.
LaTeX Font Info:    Font shape `T1/Roboto-LF/lc/n' aliased to
(Font)              `T1/Roboto-LF/lightcondensed/n' on input line 251.
LaTeX Font Info:    Font shape `T1/Roboto-LF/lightcondensed/n' will be
(Font)              scaled to size 10.0pt on input line 251.
LaTeX Font Info:    Font shape `T1/Roboto-LF/lc/n' aliased to
(Font)              `T1/Roboto-LF/lightcondensed/n' on input line 251.
LaTeX Font Info:    Font shape `T1/Roboto-LF/lightcondensed/n' will be
(Font)              scaled to size 12.0pt on input line 251.
LaTeX Font Info:    Font shape `T1/Roboto-LF/bc/n' aliased to
(Font)              `T1/Roboto-LF/boldcondensed/n' on input line 257.
LaTeX Font Info:    Font shape `T1/Roboto-LF/boldcondensed/n' will be
(Font)              scaled to size 12.0pt on input line 257.
LaTeX Font Info:    Trying to load font information for TS1+Roboto-LF on input 
line 273.
("C:\Program Files\MiKTeX\tex/latex/roboto\ts1roboto-lf.fd"
File: TS1Roboto-LF.fd 2019/12/11 (autoinst) Font definitions for TS1/Roboto-LF.

)
LaTeX Font Info:    Font shape `TS1/Roboto-LF/c/n' aliased to
(Font)              `TS1/Roboto-LF/condensed/n' on input line 273.
LaTeX Font Info:    Font shape `TS1/Roboto-LF/condensed/n' will be
(Font)              scaled to size 10.0pt on input line 273.
LaTeX Font Info:    Font shape `T1/Roboto-LF/c/it' aliased to
(Font)              `T1/Roboto-LF/condensed/it' on input line 274.
LaTeX Font Info:    Font shape `T1/Roboto-LF/condensed/it' will be
(Font)              scaled to size 10.0pt on input line 274.
LaTeX Font Info:    Trying to load font information for U+msa on input line 286
.
("C:\Program Files\MiKTeX\tex/latex/amsfonts\umsa.fd"
File: umsa.fd 2013/01/14 v3.01 AMS symbols A
)
LaTeX Font Info:    Trying to load font information for U+msb on input line 286
.
("C:\Program Files\MiKTeX\tex/latex/amsfonts\umsb.fd"
File: umsb.fd 2013/01/14 v3.01 AMS symbols B
)
LaTeX Font Info:    Font shape `T1/Roboto-LF/c/n' aliased to
(Font)              `T1/Roboto-LF/condensed/n' on input line 286.
LaTeX Font Info:    Font shape `T1/Roboto-LF/condensed/n' will be
(Font)              scaled to size 7.0pt on input line 286.
LaTeX Font Info:    Font shape `T1/Roboto-LF/c/n' aliased to
(Font)              `T1/Roboto-LF/condensed/n' on input line 286.
LaTeX Font Info:    Font shape `T1/Roboto-LF/condensed/n' will be
(Font)              scaled to size 8.0pt on input line 286.
LaTeX Font Info:    Font shape `T1/Roboto-LF/c/n' aliased to
(Font)              `T1/Roboto-LF/condensed/n' on input line 286.
LaTeX Font Info:    Font shape `T1/Roboto-LF/condensed/n' will be
(Font)              scaled to size 6.0pt on input line 286.
LaTeX Font Info:    Font shape `T1/Roboto-LF/c/n' aliased to
(Font)              `T1/Roboto-LF/condensed/n' on input line 286.
LaTeX Font Info:    Font shape `T1/Roboto-LF/condensed/n' will be
(Font)              scaled to size 5.0pt on input line 286.
LaTeX Font Info:    Font shape `T1/Roboto-LF/c/it' aliased to
(Font)              `T1/Roboto-LF/condensed/it' on input line 286.
LaTeX Font Info:    Font shape `T1/Roboto-LF/condensed/it' will be
(Font)              scaled to size 8.0pt on input line 286.

LaTeX Warning: Marginpar on page 1 moved.


LaTeX Warning: Marginpar on page 1 moved.


LaTeX Warning: Marginpar on page 1 moved.

<C:/Users/rodri/OneDrive/Documentos/UFRGS/Disciplinas/estatistica_descritiva/MA
T02018/images/planilha_eletro.png, id=3, 172.2435pt x 97.5645pt>
File: C:/Users/rodri/OneDrive/Documentos/UFRGS/Disciplinas/estatistica_descriti
va/MAT02018/images/planilha_eletro.png Graphic file (type png)
<use C:/Users/rodri/OneDrive/Documentos/UFRGS/Disciplinas/estatistica_descritiv
a/MAT02018/images/planilha_eletro.png>
Package pdftex.def Info: C:/Users/rodri/OneDrive/Documentos/UFRGS/Disciplinas/e
statistica_descritiva/MAT02018/images/planilha_eletro.png  used on input line 3
08.
(pdftex.def)             Requested size: 144.00546pt x 81.5695pt.

LaTeX Warning: Marginpar on page 1 moved.


Package natbib Warning: Citation `morettin_estatistica_2017' on page 1 undefine
d on input line 312.

<C:/Users/rodri/OneDrive/Documentos/UFRGS/Disciplinas/estatistica_descritiva/MA
T02018/images/planilha_fisica.png, id=4, 1361.085pt x 1112.958pt>
File: C:/Users/rodri/OneDrive/Documentos/UFRGS/Disciplinas/estatistica_descriti
va/MAT02018/images/planilha_fisica.png Graphic file (type png)
<use C:/Users/rodri/OneDrive/Documentos/UFRGS/Disciplinas/estatistica_descritiv
a/MAT02018/images/planilha_fisica.png>
Package pdftex.def Info: C:/Users/rodri/OneDrive/Documentos/UFRGS/Disciplinas/e
statistica_descritiva/MAT02018/images/planilha_fisica.png  used on input line 3
19.
(pdftex.def)             Requested size: 311.98378pt x 255.10886pt.

Underfull \hbox (badness 10000) in paragraph at lines 319--320
[][]
 []


Underfull \hbox (badness 10000) in paragraph at lines 319--320

 []

<C:/Users/rodri/OneDrive/Documentos/UFRGS/Disciplinas/estatistica_descritiva/MA
T02018/images/dados_brutos.png, id=6, 1416.492pt x 1091.277pt>
File: C:/Users/rodri/OneDrive/Documentos/UFRGS/Disciplinas/estatistica_descriti
va/MAT02018/images/dados_brutos.png Graphic file (type png)
<use C:/Users/rodri/OneDrive/Documentos/UFRGS/Disciplinas/estatistica_descritiv
a/MAT02018/images/dados_brutos.png>
Package pdftex.def Info: C:/Users/rodri/OneDrive/Documentos/UFRGS/Disciplinas/e
statistica_descritiva/MAT02018/images/dados_brutos.png  used on input line 333.

(pdftex.def)             Requested size: 311.99664pt x 240.36476pt.

Underfull \hbox (badness 10000) in paragraph at lines 333--334
[][]
 []


Underfull \hbox (badness 10000) in paragraph at lines 333--334

 []

[1

{C:/Users/rodri/AppData/Local/MiKTeX/pdftex/config/pdftex.map} <C:/Users/rodri/
OneDrive/Documentos/UFRGS/Disciplinas/estatistica_descritiva/MAT02018/images/pl
anilha_eletro.png>]
LaTeX Font Info:    Font shape `T1/Roboto-LF/c/sc' aliased to
(Font)              `T1/Roboto-LF/condensed/sc' on input line 347.
LaTeX Font Info:    Font shape `T1/Roboto-LF/condensed/sc' will be
(Font)              scaled to size 10.0pt on input line 347.
[2 <C:/Users/rodri/OneDrive/Documentos/UFRGS/Disciplinas/estatistica_descritiva
/MAT02018/images/planilha_fisica.png> <C:/Users/rodri/OneDrive/Documentos/UFRGS
/Disciplinas/estatistica_descritiva/MAT02018/images/dados_brutos.png>]
LaTeX Font Info:    Font shape `T1/Roboto-LF/bc/n' aliased to
(Font)              `T1/Roboto-LF/boldcondensed/n' on input line 370.
LaTeX Font Info:    Font shape `T1/Roboto-LF/boldcondensed/n' will be
(Font)              scaled to size 8.0pt on input line 370.

LaTeX Warning: Marginpar on page 3 moved.

LaTeX Font Info:    Font shape `T1/Roboto-LF/m/n' aliased to
(Font)              `T1/Roboto-LF/regular/n' on input line 374.
LaTeX Font Info:    Font shape `T1/Roboto-LF/regular/n' will be
(Font)              scaled to size 10.0pt on input line 374.
LaTeX Font Info:    Font shape `T1/Roboto-LF/m/n' aliased to
(Font)              `T1/Roboto-LF/regular/n' on input line 374.
LaTeX Font Info:    Font shape `T1/Roboto-LF/regular/n' will be
(Font)              scaled to size 10.95pt on input line 374.

LaTeX Warning: Marginpar on page 3 moved.

<C:/Users/rodri/OneDrive/Documentos/UFRGS/Disciplinas/estatistica_descritiva/MA
T02018/images/apura_0.png, id=33, 884.103pt x 207.77625pt>
File: C:/Users/rodri/OneDrive/Documentos/UFRGS/Disciplinas/estatistica_descriti
va/MAT02018/images/apura_0.png Graphic file (type png)
<use C:/Users/rodri/OneDrive/Documentos/UFRGS/Disciplinas/estatistica_descritiv
a/MAT02018/images/apura_0.png>
Package pdftex.def Info: C:/Users/rodri/OneDrive/Documentos/UFRGS/Disciplinas/e
statistica_descritiva/MAT02018/images/apura_0.png  used on input line 382.
(pdftex.def)             Requested size: 218.39459pt x 51.3257pt.

LaTeX Warning: Marginpar on page 3 moved.

<C:/Users/rodri/OneDrive/Documentos/UFRGS/Disciplinas/estatistica_descritiva/MA
T02018/images/apura_1.png, id=34, 1004.553pt x 239.09325pt>
File: C:/Users/rodri/OneDrive/Documentos/UFRGS/Disciplinas/estatistica_descriti
va/MAT02018/images/apura_1.png Graphic file (type png)
<use C:/Users/rodri/OneDrive/Documentos/UFRGS/Disciplinas/estatistica_descritiv
a/MAT02018/images/apura_1.png>
Package pdftex.def Info: C:/Users/rodri/OneDrive/Documentos/UFRGS/Disciplinas/e
statistica_descritiva/MAT02018/images/apura_1.png  used on input line 391.
(pdftex.def)             Requested size: 218.39655pt x 51.98047pt.

LaTeX Warning: Marginpar on page 3 moved.

<organiza_dados_tint_files/figure-latex/fig-apura_2-1.pdf, id=35, 289.08pt x 18
0.675pt>
File: organiza_dados_tint_files/figure-latex/fig-apura_2-1.pdf Graphic file (ty
pe pdf)
<use organiza_dados_tint_files/figure-latex/fig-apura_2-1.pdf>
Package pdftex.def Info: organiza_dados_tint_files/figure-latex/fig-apura_2-1.p
df  used on input line 402.
(pdftex.def)             Requested size: 312.01648pt x 195.01028pt.
[3 <C:/Users/rodri/OneDrive/Documentos/UFRGS/Disciplinas/estatistica_descritiva
/MAT02018/images/apura_0.png> <C:/Users/rodri/OneDrive/Documentos/UFRGS/Discipl
inas/estatistica_descritiva/MAT02018/images/apura_1.png>]
<C:/Users/rodri/OneDrive/Documentos/UFRGS/Disciplinas/estatistica_descritiva/MA
T02018/images/apura_4.png, id=48, 1399.629pt x 299.31825pt>
File: C:/Users/rodri/OneDrive/Documentos/UFRGS/Disciplinas/estatistica_descriti
va/MAT02018/images/apura_4.png Graphic file (type png)
<use C:/Users/rodri/OneDrive/Documentos/UFRGS/Disciplinas/estatistica_descritiv
a/MAT02018/images/apura_4.png>
Package pdftex.def Info: C:/Users/rodri/OneDrive/Documentos/UFRGS/Disciplinas/e
statistica_descritiva/MAT02018/images/apura_4.png  used on input line 413.
(pdftex.def)             Requested size: 218.3925pt x 46.7044pt.
<C:/Users/rodri/OneDrive/Documentos/UFRGS/Disciplinas/estatistica_descritiva/MA
T02018/images/apura_5.png, id=49, 864.831pt x 511.31026pt>
File: C:/Users/rodri/OneDrive/Documentos/UFRGS/Disciplinas/estatistica_descriti
va/MAT02018/images/apura_5.png Graphic file (type png)
<use C:/Users/rodri/OneDrive/Documentos/UFRGS/Disciplinas/estatistica_descritiv
a/MAT02018/images/apura_5.png>
Package pdftex.def Info: C:/Users/rodri/OneDrive/Documentos/UFRGS/Disciplinas/e
statistica_descritiva/MAT02018/images/apura_5.png  used on input line 423.
(pdftex.def)             Requested size: 218.3978pt x 129.12236pt.
[4 <./organiza_dados_tint_files/figure-latex/fig-apura_2-1.pdf> <C:/Users/rodri
/OneDrive/Documentos/UFRGS/Disciplinas/estatistica_descritiva/MAT02018/images/a
pura_4.png> <C:/Users/rodri/OneDrive/Documentos/UFRGS/Disciplinas/estatistica_d
escritiva/MAT02018/images/apura_5.png>]
LaTeX Font Info:    Trying to load font information for T1+cmtt on input line 4
57.
("C:\Program Files\MiKTeX\tex/latex/base\t1cmtt.fd"
File: t1cmtt.fd 2019/12/16 v2.5j Standard LaTeX font definitions
)
LaTeX Font Info:    Font shape `T1/cmtt/bx/n' in size <12> not available
(Font)              Font shape `T1/cmtt/m/n' tried instead on input line 457.

Package natbib Warning: Citation `morettin_estatistica_2017' on page 5 undefine
d on input line 461.


LaTeX Warning: Marginpar on page 5 moved.

LaTeX Font Info:    Font shape `T1/cmtt/bx/n' in size <10> not available
(Font)              Font shape `T1/cmtt/m/n' tried instead on input line 474.
[5]
Overfull \hbox (102.64874pt too wide) in paragraph at lines 519--519
[]\T1/cmtt/m/n/10 ##       N `Estado Civil` `Grau de Instru~ `N de Filhos` `Sal
ario (x Sal~ Idade[] 
 []


Overfull \hbox (102.64874pt too wide) in paragraph at lines 519--519
[]\T1/cmtt/m/n/10 ##   <dbl> <chr>          <chr>                    <dbl>     
       <dbl> <dbl>[] 
 []


Overfull \hbox (102.64874pt too wide) in paragraph at lines 519--519
[]\T1/cmtt/m/n/10 ## 1     1 solteiro       ensino fundamen~            NA     
        4       26[] 
 []


Overfull \hbox (102.64874pt too wide) in paragraph at lines 519--519
[]\T1/cmtt/m/n/10 ## 2     2 casado         ensino fundamen~             1     
        4.56    32[] 
 []


Overfull \hbox (102.64874pt too wide) in paragraph at lines 519--519
[]\T1/cmtt/m/n/10 ## 3     3 casado         ensino fundamen~             2     
        5.25    36[] 
 []


Overfull \hbox (102.64874pt too wide) in paragraph at lines 519--519
[]\T1/cmtt/m/n/10 ## 4     4 solteiro       ensino médio                NA     
        5.73    20[] 
 []


Overfull \hbox (102.64874pt too wide) in paragraph at lines 519--519
[]\T1/cmtt/m/n/10 ## 5     5 solteiro       ensino fundamen~            NA     
        6.26    40[] 
 []


Overfull \hbox (102.64874pt too wide) in paragraph at lines 519--519
[]\T1/cmtt/m/n/10 ## 6     6 casado         ensino fundamen~             0     
        6.66    28[] 
 []


Overfull \hbox (2.9231pt too wide) in paragraph at lines 519--519
[]\T1/cmtt/m/n/10 ## # ... with 1 more variable: `Região de Procedência` <chr>[
] 
 []


Overfull \hbox (118.3949pt too wide) in paragraph at lines 569--569
[]\T1/cmtt/m/n/10 ##  [1] 26 32 36 20 40 28 41 43 34 23 33 27 37 44 30 38 31 39
 25 37 30 34 41 26 32[] 
 []

No file organiza_dados_tint.bbl.

Package natbib Warning: There were undefined citations.

Package atveryend Info: Empty hook `BeforeClearDocument' on input line 575.
[6]
Package atveryend Info: Empty hook `AfterLastShipout' on input line 575.
(organiza_dados_tint.aux)
Package atveryend Info: Executing hook `AtVeryEndDocument' on input line 575.
Package atveryend Info: Executing hook `AtEndAfterFileList' on input line 575.

Package rerunfilecheck Warning: File `organiza_dados_tint.out' has changed.
(rerunfilecheck)                Rerun to get outlines right
(rerunfilecheck)                or use package `bookmark'.

Package rerunfilecheck Info: Checksums for `organiza_dados_tint.out':
(rerunfilecheck)             Before: <no file>
(rerunfilecheck)             After:  DAD230689BD99339F007E4ED938E1C52;572.

LaTeX Font Warning: Some font shapes were not available, defaults substituted.


LaTeX Warning: Label(s) may have changed. Rerun to get cross-references rig
! This is METAFONT, Version 2.7182818 (MiKTeX 20.7)

! (C:\Program Files\MiKTeX\fonts/source/jknappen/ec\ecit1000.mf
! (C:\Program Files\MiKTeX\fonts/source/jknappen/ec\exbase.mf)
! (C:\Program Files\MiKTeX\fonts/source/jknappen/ec\ecit.mf
! (C:\Program Files\MiKTeX\fonts/source/jknappen/ec\extextit.mf
!  Ok (C:\Program Files\MiKTeX\fonts/source/jknappen/ec\exaccess.mf
!  Ok) (C:\Program Files\MiKTeX\fonts/source/jknappen/ec\expseudo.mf
!  Ok) (C:\Program Files\MiKTeX\fonts/source/jknappen/ec\exileast.mf
!  Ok [158] [160] [161] [162] [163] [164] [165] [166] [167] [168] [169] [170]
! [171] [172] [173] [174] [175] [176] [177] [178] [179] [180] [181] [182]
! [183] [184] [185] [186] [187] [188])
! (C:\Program Files\MiKTeX\fonts/source/jknappen/ec\exilwest.mf
!  Ok [224] [225] [226] [227] [228] [229] [230] [231] [232] [233] [234] [235]
! [236] [237] [238] [239] [240] [241] [242] [243] [244] [245] [246] [247]
! [248] [249] [250] [251] [252] [253] [254] [255])
! (C:\Program Files\MiKTeX\fonts/source/jknappen/ec\exruwest.mf
!  Ok [192] [193] [194] [195] [196] [197] [198] [199] [200] [201] [202] [203]
! [204] [205] [206] [207] [208] [209] [210] [211] [212] [213] [214] [215]
! [216] [217] [218] [219] [220] [221] [222] [223])
! (C:\Program Files\MiKTeX\fonts/source/jknappen/ec\exrueast.mf
!  Ok [128] [129] [130] [131] [132] [133] [134] [135] [136] [137] [138] [139]
! [140] [141] [142] [143] [144] [145] [146] [147] [148] [149] [150] [151]
! [152] [153] [154] [155] [156] [157])
! (C:\Program Files\MiKTeX\fonts/source/jknappen/ec\exbraces.mf
!  Ok [94] [126] [23] [40] [41] [60] [124] [62] [91] [93] [92] [123] [125]
! [95] [127] [32]) (C:\Program Files\MiKTeX\fonts/source/jknappen/ec\expunct.mf
!  Ok [14] [15] [19] [20] [13] [18] [33] [39] [42] [43] [44] [46] [47] [58]
! [59] [61] [96] [189] [17] [45] [16] [21] [22])
! (C:\Program Files\MiKTeX\fonts/source/jknappen/ec\exaccent.mf
!  Ok [0] [1] [2] [3] [4] [5] [6] [7] [8] [9] [10] [11] [12])
! (C:\Program Files\MiKTeX\fonts/source/jknappen/ec\exsign.mf
!  Ok [24] [34] [35] [36] [37] [64] [191] [159])
! (C:\Program Files\MiKTeX\fonts/source/jknappen/ec\exilig.mf
!  Ok [25] [26] [27] [28] [29] [30] [31])
! (C:\Program Files\MiKTeX\fonts/source/jknappen/ec\exitalp.mf
!  Ok [38] [63] [190])
! (C:\Program Files\MiKTeX\fonts/source/jknappen/ec\exrulett.mf
!  Ok [65] [66] [67] [68] [69] [70] [71] [72] [73] [74] [75] [76] [77] [78]
! [79] [80] [81] [82] [83] [84] [85] [86] [87] [88] [89] [90])
! (C:\Program Files\MiKTeX\fonts/source/jknappen/ec\exillett.mf
!  Ok [97] [98] [99] [100] [101] [102] [103] [104] [105] [106] [107] [108]
! [109] [110] [111] [112] [113] [114] [115] [116] [117] [118] [119] [120]
! [121] [122]) (C:\Program Files\MiKTeX\fonts/source/jknappen/ec\exidigit.mf
!  Ok [48] [49] [50] [51] [52] [53] [54] [55] [56] [57])
! (C:\Program Files\MiKTeX\fonts/source/jknappen/ec\exmligtb.mf
!  Ok) ) ) )
! Font metrics written on ecit1000.tfm.
! Output written on ecit1000.600gf (256 characters, 45820 bytes).
! Transcript written on ecit1000.log.
! This is GFtoPK, Version 2.4 (MiKTeX 20.7)
! 'METAFONT output 2020.08.20:2251'
! 45820 bytes packed to 26728 bytes.
! This is METAFONT, Version 2.7182818 (MiKTeX 20.7)

! (C:\Program Files\MiKTeX\fonts/source/jknappen/ec\ectt0800.mf
! (C:\Program Files\MiKTeX\fonts/source/jknappen/ec\exbase.mf)
! (C:\Program Files\MiKTeX\fonts/source/jknappen/ec\ectt.mf
! (C:\Program Files\MiKTeX\fonts/source/jknappen/ec\exroman.mf
!  Ok (C:\Program Files\MiKTeX\fonts/source/jknappen/ec\exaccess.mf
!  Ok) (C:\Program Files\MiKTeX\fonts/source/jknappen/ec\expseudo.mf
!  Ok) (C:\Program Files\MiKTeX\fonts/source/jknappen/ec\exruwest.mf
!  Ok [192] [193] [194] [195] [196] [197] [198] [199] [200] [201] [202] [203]
! [204] [205] [206] [207] [208] [209] [210] [211] [212] [213] [214] [215]
! [216] [217] [218] [219] [220] [221] [222] [223])
! (C:\Program Files\MiKTeX\fonts/source/jknappen/ec\exrlwest.mf
!  Ok [224] [225] [226] [227] [228] [229] [230] [231] [232] [233] [234] [235]
! [236] [237] [238] [239] [240] [241] [242] [243] [244] [245] [246] [247]
! [248] [249] [250] [251] [252] [253] [254] [255])
! (C:\Program Files\MiKTeX\fonts/source/jknappen/ec\exrueast.mf
!  Ok [128] [129] [130] [131] [132] [133] [134] [135] [136] [137] [138] [139]
! [140] [141] [142] [143] [144] [145] [146] [147] [148] [149] [150] [151]
! [152] [153] [154] [155] [156] [157])
! (C:\Program Files\MiKTeX\fonts/source/jknappen/ec\exrleast.mf
!  Ok [158] [160] [161] [162] [163] [164] [165] [166] [167] [168] [169] [170]
! [171] [172] [173] [174] [175] [176] [177] [178] [179] [180] [181] [182]
! [183] [184] [185] [186] [187] [188])
! (C:\Program Files\MiKTeX\fonts/source/jknappen/ec\exbraces.mf
!  Ok [94] [126] [23] [40] [41] [60] [124] [62] [91] [93] [92] [123] [125]
! [95] [127] [32]) (C:\Program Files\MiKTeX\fonts/source/jknappen/ec\expunct.mf
!  Ok [14] [15] [19] [20] [13] [18] [33] [39] [42] [43] [44] [46] [47] [58]
! [59] [61] [96] [189] [17] [45] [16] [21] [22])
! (C:\Program Files\MiKTeX\fonts/source/jknappen/ec\exaccent.mf
!  Ok [0] [1] [2] [3] [4] [5] [6] [7] [8] [9] [10] [11] [12])
! (C:\Program Files\MiKTeX\fonts/source/jknappen/ec\exsign.mf
!  Ok [24] [34] [35] [36] [37] [64] [191] [159])
! (C:\Program Files\MiKTeX\fonts/source/jknappen/ec\exrlig.mf
!  Ok [25] [26] [28] [27] [29] [30] [31])
! (C:\Program Files\MiKTeX\fonts/source/jknappen/ec\exromp.mf
!  Ok [38] [63] [190])
! (C:\Program Files\MiKTeX\fonts/source/jknappen/ec\exrulett.mf
!  Ok [65] [66] [67] [68] [69] [70] [71] [72] [73] [74] [75] [76] [77] [78]
! [79] [80] [81] [82] [83] [84] [85] [86] [87] [88] [89] [90])
! (C:\Program Files\MiKTeX\fonts/source/jknappen/ec\exrllett.mf
!  Ok [97] [98] [99] [100] [101] [102] [103] [104] [105] [106] [107] [108]
! [109] [110] [111] [112] [113] [114] [115] [116] [117] [118] [119] [120]
! [121] [122]) (C:\Program Files\MiKTeX\fonts/source/jknappen/ec\exrdigit.mf
!  Ok [48] [49] [50] [51] [52] [53] [54] [55] [56] [57])
! (C:\Program Files\MiKTeX\fonts/source/jknappen/ec\exmligtb.mf
!  Ok) ) ) )
! Font metrics written on ectt0800.tfm.
! Output written on ectt0800.600gf (256 characters, 35488 bytes).
! Transcript written on ectt0800.log.
! This is GFtoPK, Version 2.4 (MiKTeX 20.7)
! 'METAFONT output 2020.08.20:2251'
! 35488 bytes packed to 15192 bytes.
! This is METAFONT, Version 2.7182818 (MiKTeX 20.7)

! (C:\Program Files\MiKTeX\fonts/source/jknappen/ec\ectt1000.mf
! (C:\Program Files\MiKTeX\fonts/source/jknappen/ec\exbase.mf)
! (C:\Program Files\MiKTeX\fonts/source/jknappen/ec\ectt.mf
! (C:\Program Files\MiKTeX\fonts/source/jknappen/ec\exroman.mf
!  Ok (C:\Program Files\MiKTeX\fonts/source/jknappen/ec\exaccess.mf
!  Ok) (C:\Program Files\MiKTeX\fonts/source/jknappen/ec\expseudo.mf
!  Ok) (C:\Program Files\MiKTeX\fonts/source/jknappen/ec\exruwest.mf
!  Ok [192] [193] [194] [195] [196] [197] [198] [199] [200] [201] [202] [203]
! [204] [205] [206] [207] [208] [209] [210] [211] [212] [213] [214] [215]
! [216] [217] [218] [219] [220] [221] [222] [223])
! (C:\Program Files\MiKTeX\fonts/source/jknappen/ec\exrlwest.mf
!  Ok [224] [225] [226] [227] [228] [229] [230] [231] [232] [233] [234] [235]
! [236] [237] [238] [239] [240] [241] [242] [243] [244] [245] [246] [247]
! [248] [249] [250] [251] [252] [253] [254] [255])
! (C:\Program Files\MiKTeX\fonts/source/jknappen/ec\exrueast.mf
!  Ok [128] [129] [130] [131] [132] [133] [134] [135] [136] [137] [138] [139]
! [140] [141] [142] [143] [144] [145] [146] [147] [148] [149] [150] [151]
! [152] [153] [154] [155] [156] [157])
! (C:\Program Files\MiKTeX\fonts/source/jknappen/ec\exrleast.mf
!  Ok [158] [160] [161] [162] [163] [164] [165] [166] [167] [168] [169] [170]
! [171] [172] [173] [174] [175] [176] [177] [178] [179] [180] [181] [182]
! [183] [184] [185] [186] [187] [188])
! (C:\Program Files\MiKTeX\fonts/source/jknappen/ec\exbraces.mf
!  Ok [94] [126] [23] [40] [41] [60] [124] [62] [91] [93] [92] [123] [125]
! [95] [127] [32]) (C:\Program Files\MiKTeX\fonts/source/jknappen/ec\expunct.mf
!  Ok [14] [15] [19] [20] [13] [18] [33] [39] [42] [43] [44] [46] [47] [58]
! [59] [61] [96] [189] [17] [45] [16] [21] [22])
! (C:\Program Files\MiKTeX\fonts/source/jknappen/ec\exaccent.mf
!  Ok [0] [1] [2] [3] [4] [5] [6] [7] [8] [9] [10] [11] [12])
! (C:\Program Files\MiKTeX\fonts/source/jknappen/ec\exsign.mf
!  Ok [24] [34] [35] [36] [37] [64] [191] [159])
! (C:\Program Files\MiKTeX\fonts/source/jknappen/ec\exrlig.mf
!  Ok [25] [26] [28] [27] [29] [30] [31])
! (C:\Program Files\MiKTeX\fonts/source/jknappen/ec\exromp.mf
!  Ok [38] [63] [190])
! (C:\Program Files\MiKTeX\fonts/source/jknappen/ec\exrulett.mf
!  Ok [65] [66] [67] [68] [69] [70] [71] [72] [73] [74] [75] [76] [77] [78]
! [79] [80] [81] [82] [83] [84] [85] [86] [87] [88] [89] [90])
! (C:\Program Files\MiKTeX\fonts/source/jknappen/ec\exrllett.mf
!  Ok [97] [98] [99] [100] [101] [102] [103] [104] [105] [106] [107] [108]
! [109] [110] [111] [112] [113] [114] [115] [116] [117] [118] [119] [120]
! [121] [122]) (C:\Program Files\MiKTeX\fonts/source/jknappen/ec\exrdigit.mf
!  Ok [48] [49] [50] [51] [52] [53] [54] [55] [56] [57])
! (C:\Program Files\MiKTeX\fonts/source/jknappen/ec\exmligtb.mf
!  Ok) ) ) )
! Font metrics written on ectt1000.tfm.
! Output written on ectt1000.600gf (256 characters, 43832 bytes).
! Transcript written on ectt1000.log.
! This is GFtoPK, Version 2.4 (MiKTeX 20.7)
! 'METAFONT output 2020.08.20:2251'
! 43832 bytes packed to 20028 bytes.
! This is METAFONT, Version 2.7182818 (MiKTeX 20.7)

! (C:\Program Files\MiKTeX\fonts/source/jknappen/ec\ectt1200.mf
! (C:\Program Files\MiKTeX\fonts/source/jknappen/ec\exbase.mf)
! (C:\Program Files\MiKTeX\fonts/source/jknappen/ec\ectt.mf
! (C:\Program Files\MiKTeX\fonts/source/jknappen/ec\exroman.mf
!  Ok (C:\Program Files\MiKTeX\fonts/source/jknappen/ec\exaccess.mf
!  Ok) (C:\Program Files\MiKTeX\fonts/source/jknappen/ec\expseudo.mf
!  Ok) (C:\Program Files\MiKTeX\fonts/source/jknappen/ec\exruwest.mf
!  Ok [192] [193] [194] [195] [196] [197] [198] [199] [200] [201] [202] [203]
! [204] [205] [206] [207] [208] [209] [210] [211] [212] [213] [214] [215]
! [216] [217] [218] [219] [220] [221] [222] [223])
! (C:\Program Files\MiKTeX\fonts/source/jknappen/ec\exrlwest.mf
!  Ok [224] [225] [226] [227] [228] [229] [230] [231] [232] [233] [234] [235]
! [236] [237] [238] [239] [240] [241] [242] [243] [244] [245] [246] [247]
! [248] [249] [250] [251] [252] [253] [254] [255])
! (C:\Program Files\MiKTeX\fonts/source/jknappen/ec\exrueast.mf
!  Ok [128] [129] [130] [131] [132] [133] [134] [135] [136] [137] [138] [139]
! [140] [141] [142] [143] [144] [145] [146] [147] [148] [149] [150] [151]
! [152] [153] [154] [155] [156] [157])
! (C:\Program Files\MiKTeX\fonts/source/jknappen/ec\exrleast.mf
!  Ok [158] [160] [161] [162] [163] [164] [165] [166] [167] [168] [169] [170]
! [171] [172] [173] [174] [175] [176] [177] [178] [179] [180] [181] [182]
! [183] [184] [185] [186] [187] [188])
! (C:\Program Files\MiKTeX\fonts/source/jknappen/ec\exbraces.mf
!  Ok [94] [126] [23] [40] [41] [60] [124] [62] [91] [93] [92] [123] [125]
! [95] [127] [32]) (C:\Program Files\MiKTeX\fonts/source/jknappen/ec\expunct.mf
!  Ok [14] [15] [19] [20] [13] [18] [33] [39] [42] [43] [44] [46] [47] [58]
! [59] [61] [96] [189] [17] [45] [16] [21] [22])
! (C:\Program Files\MiKTeX\fonts/source/jknappen/ec\exaccent.mf
!  Ok [0] [1] [2] [3] [4] [5] [6] [7] [8] [9] [10] [11] [12])
! (C:\Program Files\MiKTeX\fonts/source/jknappen/ec\exsign.mf
!  Ok [24] [34] [35] [36] [37] [64] [191] [159])
! (C:\Program Files\MiKTeX\fonts/source/jknappen/ec\exrlig.mf
!  Ok [25] [26] [28] [27] [29] [30] [31])
! (C:\Program Files\MiKTeX\fonts/source/jknappen/ec\exromp.mf
!  Ok [38] [63] [190])
! (C:\Program Files\MiKTeX\fonts/source/jknappen/ec\exrulett.mf
!  Ok [65] [66] [67] [68] [69] [70] [71] [72] [73] [74] [75] [76] [77] [78]
! [79] [80] [81] [82] [83] [84] [85] [86] [87] [88] [89] [90])
! (C:\Program Files\MiKTeX\fonts/source/jknappen/ec\exrllett.mf
!  Ok [97] [98] [99] [100] [101] [102] [103] [104] [105] [106] [107] [108]
! [109] [110] [111] [112] [113] [114] [115] [116] [117] [118] [119] [120]
! [121] [122]) (C:\Program Files\MiKTeX\fonts/source/jknappen/ec\exrdigit.mf
!  Ok [48] [49] [50] [51] [52] [53] [54] [55] [56] [57])
! (C:\Program Files\MiKTeX\fonts/source/jknappen/ec\exmligtb.mf
!  Ok) ) ) )
! Font metrics written on ectt1200.tfm.
! Output written on ectt1200.600gf (256 characters, 51736 bytes).
! Transcript written on ectt1200.log.
! This is GFtoPK, Version 2.4 (MiKTeX 20.7)
! 'METAFONT output 2020.08.20:2251'
! 51736 bytes packed to 24152 bytes.

! Sorry, but miktex-makemf did not succeed.

! The log file hopefully contains the information to get MiKTeX going again:

!   C:\Users\rodri\AppData\Local\MiKTeX\miktex\log\miktex-makemf.log

! Sorry, but miktex-makepk did not succeed.

! The log file hopefully contains the information to get MiKTeX going again:

!   C:\Users\rodri\AppData\Local\MiKTeX\miktex\log\miktex-makepk.log
